Determining if the pthread_create exist failed with the following output:
Change Dir: /home/cameron/repos/fluffy-guacamole/cnburke/catkin_ws/build/CMakeFiles/CMakeTmp

Run Build Command:/usr/bin/make "cmTryCompileExec2128207965/fast"
/usr/bin/make -f CMakeFiles/cmTryCompileExec2128207965.dir/build.make CMakeFiles/cmTryCompileExec2128207965.dir/build
make[1]: Entering directory `/home/cameron/repos/fluffy-guacamole/cnburke/catkin_ws/build/CMakeFiles/CMakeTmp'
/usr/bin/cmake -E cmake_progress_report /home/cameron/repos/fluffy-guacamole/cnburke/catkin_ws/build/CMakeFiles/CMakeTmp/CMakeFiles 1
Building C object CMakeFiles/cmTryCompileExec2128207965.dir/CheckSymbolExists.c.o
/usr/bin/cc    -o CMakeFiles/cmTryCompileExec2128207965.dir/CheckSymbolExists.c.o   -c /home/cameron/repos/fluffy-guacamole/cnburke/catkin_ws/build/CMakeFiles/CMakeTmp/CheckSymbolExists.c
Linking C executable cmTryCompileExec2128207965
/usr/bin/cmake -E cmake_link_script CMakeFiles/cmTryCompileExec2128207965.dir/link.txt --verbose=1
/usr/bin/cc       CMakeFiles/cmTryCompileExec2128207965.dir/CheckSymbolExists.c.o  -o cmTryCompileExec2128207965 -rdynamic 
CMakeFiles/cmTryCompileExec2128207965.dir/CheckSymbolExists.c.o: In function `main':
CheckSymbolExists.c:(.text+0x16): undefined reference to `pthread_create'
collect2: error: ld returned 1 exit status
make[1]: Leaving directory `/home/cameron/repos/fluffy-guacamole/cnburke/catkin_ws/build/CMakeFiles/CMakeTmp'
make[1]: *** [cmTryCompileExec2128207965] Error 1
make: *** [cmTryCompileExec2128207965/fast] Error 2

File /home/cameron/repos/fluffy-guacamole/cnburke/catkin_ws/build/CMakeFiles/CMakeTmp/CheckSymbolExists.c:
/* */
#include <pthread.h>

int main(int argc, char** argv)
{
  (void)argv;
#ifndef pthread_create
  return ((int*)(&pthread_create))[argc];
#else
  (void)argc;
  return 0;
#endif
}

Determining if the function pthread_create exists in the pthreads failed with the following output:
Change Dir: /home/cameron/repos/fluffy-guacamole/cnburke/catkin_ws/build/CMakeFiles/CMakeTmp

Run Build Command:/usr/bin/make "cmTryCompileExec1769106186/fast"
/usr/bin/make -f CMakeFiles/cmTryCompileExec1769106186.dir/build.make CMakeFiles/cmTryCompileExec1769106186.dir/build
make[1]: Entering directory `/home/cameron/repos/fluffy-guacamole/cnburke/catkin_ws/build/CMakeFiles/CMakeTmp'
/usr/bin/cmake -E cmake_progress_report /home/cameron/repos/fluffy-guacamole/cnburke/catkin_ws/build/CMakeFiles/CMakeTmp/CMakeFiles 1
Building C object CMakeFiles/cmTryCompileExec1769106186.dir/CheckFunctionExists.c.o
/usr/bin/cc   -DCHECK_FUNCTION_EXISTS=pthread_create   -o CMakeFiles/cmTryCompileExec1769106186.dir/CheckFunctionExists.c.o   -c /usr/share/cmake-2.8/Modules/CheckFunctionExists.c
Linking C executable cmTryCompileExec1769106186
/usr/bin/cmake -E cmake_link_script CMakeFiles/cmTryCompileExec1769106186.dir/link.txt --verbose=1
/usr/bin/cc   -DCHECK_FUNCTION_EXISTS=pthread_create    CMakeFiles/cmTryCompileExec1769106186.dir/CheckFunctionExists.c.o  -o cmTryCompileExec1769106186 -rdynamic -lpthreads 
/usr/bin/ld: cannot find -lpthreads
collect2: error: ld returned 1 exit status
make[1]: Leaving directory `/home/cameron/repos/fluffy-guacamole/cnburke/catkin_ws/build/CMakeFiles/CMakeTmp'
make[1]: *** [cmTryCompileExec1769106186] Error 1
make: *** [cmTryCompileExec1769106186/fast] Error 2


